<?xml version="1.0" encoding="UTF-8"?>
<testsuite name="POMexample"
           tests="2"
           failures="0"
           errors="0"
           skipped="0"
           time="36.800">
    <properties></properties>



            <testcase
                name="click_On_Bag_test"
                time="19.395"
                classname="testcases.AppleTest">
            </testcase>
            <testcase
                name="login_into_with_invalid_pswd_test"
                time="17.405"
                classname="testcases.AppleTest">
            </testcase>
</testsuite>
